- Generating browser application bundles (phase: setup)...
✔ Browser application bundle generation complete.

Initial Chunk Files   | Names         |  Raw Size
vendor.js             | vendor        |   2.04 MB |
polyfills.js          | polyfills     | 314.28 kB |
styles.css, styles.js | styles        | 209.41 kB |
main.js               | main          |  48.10 kB |
runtime.js            | runtime       |   6.52 kB |

| Initial Total |   2.60 MB

Build at: 2023-03-13T05:43:57.592Z - Hash: f73caf537fec43ab - Time: 11500ms

** Angular Live Development Server is listening on localhost:9595, open your browser on http://localhost:9595/ **


✔ Compiled successfully.
✔ Browser application bundle generation complete.

Initial Chunk Files | Names   | Raw Size
main.js             | main    | 49.68 kB |
runtime.js          | runtime |  6.52 kB |

3 unchanged chunks

Build at: 2023-03-13T05:56:00.938Z - Hash: b832967e8c5336f4 - Time: 715ms

✔ Compiled successfully.
✔ Browser application bundle generation complete.

Initial Chunk Files | Names   | Raw Size
main.js             | main    | 51.31 kB |
runtime.js          | runtime |  6.52 kB |

3 unchanged chunks

Build at: 2023-03-13T05:56:24.822Z - Hash: 4465058e7cf8b3a4 - Time: 384ms

✔ Compiled successfully.
✔ Browser application bundle generation complete.

Initial Chunk Files | Names   | Raw Size
main.js             | main    | 52.97 kB |
runtime.js          | runtime |  6.52 kB |

3 unchanged chunks

Build at: 2023-03-13T05:56:32.938Z - Hash: 9c4c1debd6a1d51a - Time: 335ms

✔ Compiled successfully.
✔ Browser application bundle generation complete.

Initial Chunk Files | Names   | Raw Size
main.js             | main    | 10.55 kB |
runtime.js          | runtime |  6.52 kB |

3 unchanged chunks

Build at: 2023-03-13T05:59:22.459Z - Hash: cff1a328ee971fe7 - Time: 703ms

✔ Compiled successfully.
✔ Browser application bundle generation complete.

Initial Chunk Files   | Names   |  Raw Size
styles.css, styles.js | styles  | 466.21 kB |
runtime.js            | runtime |   6.52 kB |

3 unchanged chunks

Build at: 2023-03-13T06:02:12.500Z - Hash: c3862b5e57b675ef - Time: 1124ms

✔ Compiled successfully.
✔ Browser application bundle generation complete.

Initial Chunk Files | Names   | Raw Size
main.js             | main    | 12.91 kB |
runtime.js          | runtime |  6.52 kB |

3 unchanged chunks

Build at: 2023-03-13T06:03:04.248Z - Hash: 2ed2b50ae108e562 - Time: 231ms

✔ Compiled successfully.
✔ Browser application bundle generation complete.

Initial Chunk Files | Names   | Raw Size
main.js             | main    | 12.70 kB |
runtime.js          | runtime |  6.52 kB |

3 unchanged chunks

Build at: 2023-03-13T06:03:38.320Z - Hash: e30b714d216e83f7 - Time: 218ms

✔ Compiled successfully.
✔ Browser application bundle generation complete.

Initial Chunk Files | Names   | Raw Size
main.js             | main    | 10.44 kB |
runtime.js          | runtime |  6.52 kB |

3 unchanged chunks

Build at: 2023-03-13T06:03:57.356Z - Hash: c90970dda1af5d85 - Time: 186ms

✔ Compiled successfully.
✔ Browser application bundle generation complete.

Initial Chunk Files | Names   | Raw Size
main.js             | main    | 10.54 kB |
runtime.js          | runtime |  6.52 kB |

3 unchanged chunks

Build at: 2023-03-13T06:03:59.596Z - Hash: 58c5554b4bb3b6e3 - Time: 175ms

✔ Compiled successfully.
✔ Browser application bundle generation complete.

Initial Chunk Files | Names   | Raw Size
main.js             | main    | 11.13 kB |
runtime.js          | runtime |  6.52 kB |

3 unchanged chunks

Build at: 2023-03-13T06:04:58.830Z - Hash: 29b6a166f0ca5abb - Time: 404ms

✔ Compiled successfully.
✔ Browser application bundle generation complete.

Initial Chunk Files | Names   | Raw Size
main.js             | main    | 11.34 kB |
runtime.js          | runtime |  6.52 kB |

3 unchanged chunks

Build at: 2023-03-13T06:05:44.931Z - Hash: 46aaa18ac23dc3d5 - Time: 193ms

✔ Compiled successfully.
✔ Browser application bundle generation complete.

Initial Chunk Files | Names   | Raw Size
main.js             | main    | 11.59 kB |
runtime.js          | runtime |  6.52 kB |

3 unchanged chunks

Build at: 2023-03-13T06:06:08.012Z - Hash: 8cd3cbd54f343e15 - Time: 219ms

✔ Compiled successfully.
✔ Browser application bundle generation complete.

Initial Chunk Files | Names   | Raw Size
main.js             | main    | 13.39 kB |
runtime.js          | runtime |  6.52 kB |

3 unchanged chunks

Build at: 2023-03-13T06:06:28.977Z - Hash: abfb79e8cbd14c33 - Time: 331ms

Error: src/app/component/header/header.component.html:15:69 - error TS2339: Property 'totalItem' does not exist on type 'HeaderComponent'.

15             <div style="font-size: 10px;" class="badge bg-danger">{{totalItem}}</div>
                                                                       ~~~~~~~~~

  src/app/component/header/header.component.ts:5:16
    5   templateUrl: './header.component.html',
                     ~~~~~~~~~~~~~~~~~~~~~~~~~
    Error occurs in the template of component HeaderComponent.




✖ Failed to compile.
✔ Browser application bundle generation complete.

Initial Chunk Files | Names   | Raw Size
main.js             | main    | 13.37 kB |
runtime.js          | runtime |  6.52 kB |

3 unchanged chunks

Build at: 2023-03-13T06:06:40.974Z - Hash: ccadd6c828d1880f - Time: 174ms

✔ Compiled successfully.
✔ Browser application bundle generation complete.

Initial Chunk Files | Names   | Raw Size
main.js             | main    | 13.38 kB |
runtime.js          | runtime |  6.52 kB |

3 unchanged chunks

Build at: 2023-03-13T06:06:52.018Z - Hash: d6ac95d0d72b9a87 - Time: 184ms

✔ Compiled successfully.
✔ Browser application bundle generation complete.

Initial Chunk Files | Names   | Raw Size
main.js             | main    | 13.38 kB |
runtime.js          | runtime |  6.52 kB |

3 unchanged chunks

Build at: 2023-03-13T06:06:57.159Z - Hash: f655982a544b7f48 - Time: 205ms

✔ Compiled successfully.
✔ Browser application bundle generation complete.

Initial Chunk Files | Names   | Raw Size
main.js             | main    | 13.07 kB |
runtime.js          | runtime |  6.52 kB |

3 unchanged chunks

Build at: 2023-03-13T06:07:13.192Z - Hash: a4966f9fd3488d88 - Time: 204ms

✔ Compiled successfully.
✔ Browser application bundle generation complete.

Initial Chunk Files | Names   | Raw Size
main.js             | main    | 12.88 kB |
runtime.js          | runtime |  6.52 kB |

3 unchanged chunks

Build at: 2023-03-13T06:07:20.026Z - Hash: e8954fee5befb9b2 - Time: 256ms

✔ Compiled successfully.
✔ Browser application bundle generation complete.

Initial Chunk Files | Names   | Raw Size
main.js             | main    | 12.88 kB |
runtime.js          | runtime |  6.52 kB |

3 unchanged chunks

Build at: 2023-03-13T06:09:24.379Z - Hash: f2b1f900551ad015 - Time: 211ms

✔ Compiled successfully.
✔ Browser application bundle generation complete.

Initial Chunk Files | Names   | Raw Size
main.js             | main    | 12.51 kB |
runtime.js          | runtime |  6.52 kB |

3 unchanged chunks

Build at: 2023-03-13T06:09:36.334Z - Hash: 73ba0eb858a9917d - Time: 171ms

✔ Compiled successfully.
✔ Browser application bundle generation complete.

Initial Chunk Files | Names   | Raw Size
main.js             | main    | 12.88 kB |
runtime.js          | runtime |  6.52 kB |

3 unchanged chunks

Build at: 2023-03-13T06:09:39.703Z - Hash: 96966c651aa2c4af - Time: 176ms

✔ Compiled successfully.
✔ Browser application bundle generation complete.

Initial Chunk Files | Names   | Raw Size
main.js             | main    | 13.56 kB |
runtime.js          | runtime |  6.52 kB |

3 unchanged chunks

Build at: 2023-03-13T06:11:07.771Z - Hash: c3f0ac7817e3b356 - Time: 238ms

✔ Compiled successfully.
✔ Browser application bundle generation complete.

Initial Chunk Files | Names   | Raw Size
main.js             | main    | 13.44 kB |
runtime.js          | runtime |  6.52 kB |

3 unchanged chunks

Build at: 2023-03-13T06:11:12.289Z - Hash: 87ee046a5588e704 - Time: 176ms

✔ Compiled successfully.
✔ Browser application bundle generation complete.

Initial Chunk Files | Names   | Raw Size
main.js             | main    | 13.44 kB |
runtime.js          | runtime |  6.52 kB |

3 unchanged chunks

Build at: 2023-03-13T06:11:24.322Z - Hash: 783488a7d63b50d3 - Time: 214ms

✔ Compiled successfully.
✔ Browser application bundle generation complete.

Initial Chunk Files | Names   | Raw Size
main.js             | main    | 13.44 kB |
runtime.js          | runtime |  6.52 kB |

3 unchanged chunks

Build at: 2023-03-13T06:11:32.325Z - Hash: d16be4c470bc71f0 - Time: 200ms

✔ Compiled successfully.
✔ Browser application bundle generation complete.

Initial Chunk Files | Names   | Raw Size
main.js             | main    | 13.86 kB |
runtime.js          | runtime |  6.52 kB |

3 unchanged chunks

Build at: 2023-03-13T06:12:08.981Z - Hash: b675403f349c3f5d - Time: 187ms

✔ Compiled successfully.
✔ Browser application bundle generation complete.

Initial Chunk Files | Names   | Raw Size
main.js             | main    | 13.86 kB |
runtime.js          | runtime |  6.52 kB |

3 unchanged chunks

Build at: 2023-03-13T06:12:26.721Z - Hash: e09e77f0c65cb57d - Time: 173ms

✔ Compiled successfully.
✔ Browser application bundle generation complete.

Initial Chunk Files | Names   | Raw Size
main.js             | main    | 15.92 kB |
runtime.js          | runtime |  6.52 kB |

3 unchanged chunks

Build at: 2023-03-13T06:13:13.231Z - Hash: 605eeaa9f8e2cf12 - Time: 297ms

✔ Compiled successfully.
✔ Browser application bundle generation complete.

Initial Chunk Files | Names   | Raw Size
main.js             | main    | 16.18 kB |
runtime.js          | runtime |  6.52 kB |

3 unchanged chunks

Build at: 2023-03-13T06:14:47.881Z - Hash: 01600d38d2c492b0 - Time: 292ms

✔ Compiled successfully.
✔ Browser application bundle generation complete.

Initial Chunk Files | Names   | Raw Size
main.js             | main    | 16.19 kB |
runtime.js          | runtime |  6.52 kB |

3 unchanged chunks

Build at: 2023-03-13T06:15:14.476Z - Hash: c0af4156c6044d2a - Time: 201ms

✔ Compiled successfully.
✔ Browser application bundle generation complete.

Initial Chunk Files | Names   | Raw Size
main.js             | main    | 16.19 kB |
runtime.js          | runtime |  6.52 kB |

3 unchanged chunks

Build at: 2023-03-13T06:15:27.197Z - Hash: 766fe17d5f07d85a - Time: 188ms

✔ Compiled successfully.
✔ Browser application bundle generation complete.

Initial Chunk Files | Names   | Raw Size
main.js             | main    | 16.19 kB |
runtime.js          | runtime |  6.52 kB |

3 unchanged chunks

Build at: 2023-03-13T06:16:17.451Z - Hash: aa1ee016c94d3bcf - Time: 197ms

✔ Compiled successfully.
✔ Browser application bundle generation complete.

Initial Chunk Files | Names   | Raw Size
main.js             | main    | 16.41 kB |
runtime.js          | runtime |  6.52 kB |

3 unchanged chunks

Build at: 2023-03-13T06:17:02.344Z - Hash: 3468bdfa35f3c87a - Time: 537ms

✔ Compiled successfully.
✔ Browser application bundle generation complete.

Initial Chunk Files | Names   | Raw Size
main.js             | main    | 16.50 kB |
runtime.js          | runtime |  6.52 kB |

3 unchanged chunks

Build at: 2023-03-13T06:17:39.322Z - Hash: 189d91e9a56aae54 - Time: 218ms

✔ Compiled successfully.
✔ Browser application bundle generation complete.

Initial Chunk Files | Names   | Raw Size
main.js             | main    | 16.42 kB |
runtime.js          | runtime |  6.52 kB |

3 unchanged chunks

Build at: 2023-03-13T06:20:03.045Z - Hash: 44e2147be42c52fc - Time: 220ms

✔ Compiled successfully.
✔ Browser application bundle generation complete.

Initial Chunk Files | Names   | Raw Size
main.js             | main    | 16.51 kB |
runtime.js          | runtime |  6.52 kB |

3 unchanged chunks

Build at: 2023-03-13T06:20:32.441Z - Hash: f77511f1c5f7beed - Time: 207ms

✔ Compiled successfully.
✔ Browser application bundle generation complete.

Initial Chunk Files | Names   | Raw Size
main.js             | main    | 16.50 kB |
runtime.js          | runtime |  6.52 kB |

3 unchanged chunks

Build at: 2023-03-13T06:20:43.938Z - Hash: e8ecd2c8ba6fa652 - Time: 173ms

✔ Compiled successfully.
✔ Browser application bundle generation complete.

Initial Chunk Files | Names   | Raw Size
main.js             | main    | 16.47 kB |
runtime.js          | runtime |  6.52 kB |

3 unchanged chunks

Build at: 2023-03-13T06:21:02.651Z - Hash: aac3ec8825e1c8dc - Time: 177ms

✔ Compiled successfully.
✔ Browser application bundle generation complete.

Initial Chunk Files | Names   | Raw Size
main.js             | main    | 16.24 kB |
runtime.js          | runtime |  6.52 kB |

3 unchanged chunks

Build at: 2023-03-13T06:22:17.543Z - Hash: bb1dbb60ee1064cd - Time: 207ms

✔ Compiled successfully.
✔ Browser application bundle generation complete.

Initial Chunk Files | Names   | Raw Size
main.js             | main    | 16.24 kB |
runtime.js          | runtime |  6.52 kB |

3 unchanged chunks

Build at: 2023-03-13T06:24:17.349Z - Hash: d0989f6e71771237 - Time: 202ms

✔ Compiled successfully.
✔ Browser application bundle generation complete.

Initial Chunk Files | Names   | Raw Size
main.js             | main    | 16.18 kB |
runtime.js          | runtime |  6.52 kB |

3 unchanged chunks

Build at: 2023-03-13T06:25:12.401Z - Hash: 8a4c6fd88285646d - Time: 243ms

✔ Compiled successfully.
✔ Browser application bundle generation complete.

Initial Chunk Files | Names   | Raw Size
main.js             | main    | 16.18 kB |
runtime.js          | runtime |  6.52 kB |

3 unchanged chunks

Build at: 2023-03-13T06:25:50.499Z - Hash: eb9b2c17f895711b - Time: 205ms

✔ Compiled successfully.
✔ Browser application bundle generation complete.

Initial Chunk Files | Names   | Raw Size
main.js             | main    | 16.18 kB |
runtime.js          | runtime |  6.52 kB |

3 unchanged chunks

Build at: 2023-03-13T06:25:58.000Z - Hash: 67217b93537bbe6f - Time: 179ms

✔ Compiled successfully.
✔ Browser application bundle generation complete.

Initial Chunk Files | Names   | Raw Size
main.js             | main    | 16.18 kB |
runtime.js          | runtime |  6.52 kB |

3 unchanged chunks

Build at: 2023-03-13T06:26:10.560Z - Hash: 3b0545e4c15a0fa8 - Time: 176ms

✔ Compiled successfully.
✔ Browser application bundle generation complete.

Initial Chunk Files | Names   | Raw Size
main.js             | main    | 16.19 kB |
runtime.js          | runtime |  6.52 kB |

3 unchanged chunks

Build at: 2023-03-13T06:26:17.026Z - Hash: 70044cebdc6f0f1c - Time: 184ms

✔ Compiled successfully.
✔ Browser application bundle generation complete.

Initial Chunk Files | Names   | Raw Size
main.js             | main    | 16.18 kB |
runtime.js          | runtime |  6.52 kB |

3 unchanged chunks

Build at: 2023-03-13T06:26:27.606Z - Hash: 3d4fcd3b8ef7e851 - Time: 156ms

✔ Compiled successfully.
✔ Browser application bundle generation complete.

Initial Chunk Files | Names   | Raw Size
main.js             | main    | 16.18 kB |
runtime.js          | runtime |  6.52 kB |

3 unchanged chunks

Build at: 2023-03-13T06:26:33.534Z - Hash: 6c58636d29111106 - Time: 172ms

✔ Compiled successfully.
✔ Browser application bundle generation complete.

Initial Chunk Files | Names   | Raw Size
main.js             | main    | 16.18 kB |
runtime.js          | runtime |  6.52 kB |

3 unchanged chunks

Build at: 2023-03-13T06:26:44.650Z - Hash: 89c6c62ba13778e6 - Time: 166ms

✔ Compiled successfully.
✔ Browser application bundle generation complete.

Initial Chunk Files | Names   | Raw Size
main.js             | main    | 16.18 kB |
runtime.js          | runtime |  6.52 kB |

3 unchanged chunks

Build at: 2023-03-13T06:26:49.995Z - Hash: 6dbd8a5a59bfa5ad - Time: 193ms

✔ Compiled successfully.
✔ Browser application bundle generation complete.

Initial Chunk Files | Names   | Raw Size
main.js             | main    | 16.18 kB |
runtime.js          | runtime |  6.52 kB |

3 unchanged chunks

Build at: 2023-03-13T06:26:58.318Z - Hash: 2af97ceba7f76691 - Time: 181ms

✔ Compiled successfully.
✔ Browser application bundle generation complete.

Initial Chunk Files | Names   | Raw Size
main.js             | main    | 16.17 kB |
runtime.js          | runtime |  6.52 kB |

3 unchanged chunks

Build at: 2023-03-13T06:27:17.031Z - Hash: 084e1a03164c855f - Time: 157ms

✔ Compiled successfully.
✔ Browser application bundle generation complete.

Initial Chunk Files | Names   | Raw Size
main.js             | main    | 16.18 kB |
runtime.js          | runtime |  6.52 kB |

3 unchanged chunks

Build at: 2023-03-13T06:27:20.674Z - Hash: d31d5632d56453ce - Time: 156ms

✔ Compiled successfully.
✔ Browser application bundle generation complete.

Initial Chunk Files | Names   | Raw Size
main.js             | main    | 17.06 kB |
runtime.js          | runtime |  6.52 kB |

3 unchanged chunks

Build at: 2023-03-13T06:27:53.349Z - Hash: 99cdaf0372cb6f67 - Time: 373ms

✔ Compiled successfully.
✔ Browser application bundle generation complete.

Initial Chunk Files | Names   | Raw Size
main.js             | main    | 17.27 kB |
runtime.js          | runtime |  6.52 kB |

3 unchanged chunks

Build at: 2023-03-13T06:28:45.121Z - Hash: 6664ef860be8f9d9 - Time: 220ms

✔ Compiled successfully.
✔ Browser application bundle generation complete.

Initial Chunk Files | Names   | Raw Size
main.js             | main    | 17.48 kB |
runtime.js          | runtime |  6.52 kB |

3 unchanged chunks

Build at: 2023-03-13T06:28:51.836Z - Hash: 64ab77b258fbf718 - Time: 180ms

✔ Compiled successfully.
✔ Browser application bundle generation complete.

Initial Chunk Files | Names   | Raw Size
main.js             | main    | 17.64 kB |
runtime.js          | runtime |  6.52 kB |

3 unchanged chunks

Build at: 2023-03-13T06:29:04.656Z - Hash: d71d8ac7db8db0c7 - Time: 177ms

✔ Compiled successfully.
✔ Browser application bundle generation complete.

Initial Chunk Files | Names   | Raw Size
main.js             | main    | 17.61 kB |
runtime.js          | runtime |  6.52 kB |

3 unchanged chunks

Build at: 2023-03-13T06:29:36.067Z - Hash: e709bec68ba99e05 - Time: 284ms

✔ Compiled successfully.
✔ Browser application bundle generation complete.

Initial Chunk Files | Names   | Raw Size
main.js             | main    | 17.51 kB |
runtime.js          | runtime |  6.52 kB |

3 unchanged chunks

Build at: 2023-03-13T06:29:49.244Z - Hash: 3953302564ccf77c - Time: 209ms

✔ Compiled successfully.
✔ Browser application bundle generation complete.

Initial Chunk Files | Names   | Raw Size
main.js             | main    | 17.51 kB |
runtime.js          | runtime |  6.52 kB |

3 unchanged chunks

Build at: 2023-03-13T06:30:11.104Z - Hash: 7b361708243c8e69 - Time: 227ms

✔ Compiled successfully.
✔ Browser application bundle generation complete.

Initial Chunk Files | Names   | Raw Size
main.js             | main    | 17.48 kB |
runtime.js          | runtime |  6.52 kB |

3 unchanged chunks

Build at: 2023-03-13T06:30:26.109Z - Hash: 45091bbda125f22f - Time: 169ms

✔ Compiled successfully.
✔ Browser application bundle generation complete.

Initial Chunk Files | Names   | Raw Size
main.js             | main    | 17.47 kB |
runtime.js          | runtime |  6.52 kB |

3 unchanged chunks

Build at: 2023-03-13T06:30:30.797Z - Hash: 448e297b333f9bd6 - Time: 158ms

✔ Compiled successfully.
✔ Browser application bundle generation complete.

Initial Chunk Files | Names   | Raw Size
main.js             | main    | 17.54 kB |
runtime.js          | runtime |  6.52 kB |

3 unchanged chunks

Build at: 2023-03-13T06:32:13.692Z - Hash: 185248ca17f57dbb - Time: 218ms

✔ Compiled successfully.
✔ Browser application bundle generation complete.

Initial Chunk Files | Names   | Raw Size
main.js             | main    | 17.50 kB |
runtime.js          | runtime |  6.52 kB |

3 unchanged chunks

Build at: 2023-03-13T06:32:36.297Z - Hash: 3a14c1aba7d26c85 - Time: 170ms

✔ Compiled successfully.
✔ Browser application bundle generation complete.

Initial Chunk Files | Names   | Raw Size
main.js             | main    | 17.46 kB |
runtime.js          | runtime |  6.52 kB |

3 unchanged chunks

Build at: 2023-03-13T06:34:52.702Z - Hash: 78c331da56c9c3aa - Time: 208ms

✔ Compiled successfully.
✔ Browser application bundle generation complete.

Initial Chunk Files | Names   | Raw Size
main.js             | main    | 17.37 kB |
runtime.js          | runtime |  6.52 kB |

3 unchanged chunks

Build at: 2023-03-13T06:35:10.933Z - Hash: fb5abf3e6db9619e - Time: 159ms

✔ Compiled successfully.
✔ Browser application bundle generation complete.

Initial Chunk Files | Names   | Raw Size
main.js             | main    | 17.34 kB |
runtime.js          | runtime |  6.52 kB |

3 unchanged chunks

Build at: 2023-03-13T06:36:43.440Z - Hash: 3ea51e90eb004073 - Time: 212ms

✔ Compiled successfully.
✔ Browser application bundle generation complete.

Initial Chunk Files | Names   | Raw Size
main.js             | main    | 17.34 kB |
runtime.js          | runtime |  6.52 kB |

3 unchanged chunks

Build at: 2023-03-13T06:59:02.990Z - Hash: 5a4fb20c6d9da4c0 - Time: 263ms

✔ Compiled successfully.
✔ Browser application bundle generation complete.

Initial Chunk Files | Names   | Raw Size
vendor.js           | vendor  |  2.13 MB |
main.js             | main    | 17.60 kB |
runtime.js          | runtime |  6.52 kB |

2 unchanged chunks

Build at: 2023-03-13T07:02:37.095Z - Hash: b8765975f7ddfaff - Time: 1166ms

✔ Compiled successfully.
✔ Browser application bundle generation complete.

Initial Chunk Files | Names   | Raw Size
main.js             | main    | 17.60 kB |
runtime.js          | runtime |  6.52 kB |

3 unchanged chunks

Build at: 2023-03-13T07:17:44.515Z - Hash: 30f5c6362e95bcd1 - Time: 274ms

✔ Compiled successfully.
✔ Browser application bundle generation complete.

Initial Chunk Files | Names   | Raw Size
main.js             | main    | 17.89 kB |
runtime.js          | runtime |  6.52 kB |

3 unchanged chunks

Build at: 2023-03-13T07:17:55.217Z - Hash: af8d7986d4c29cc2 - Time: 183ms

✔ Compiled successfully.
✔ Browser application bundle generation complete.

Initial Chunk Files | Names   | Raw Size
main.js             | main    | 17.60 kB |
runtime.js          | runtime |  6.52 kB |

3 unchanged chunks

Build at: 2023-03-13T07:18:22.971Z - Hash: b201c8acc9362184 - Time: 193ms

✔ Compiled successfully.
✔ Browser application bundle generation complete.

Initial Chunk Files | Names   | Raw Size
main.js             | main    | 17.60 kB |
runtime.js          | runtime |  6.52 kB |

3 unchanged chunks

Build at: 2023-03-13T07:19:21.616Z - Hash: d540f4183ce6e247 - Time: 213ms

✔ Compiled successfully.
✔ Browser application bundle generation complete.

Initial Chunk Files | Names   | Raw Size
main.js             | main    | 17.60 kB |
runtime.js          | runtime |  6.52 kB |

3 unchanged chunks

Build at: 2023-03-13T07:19:25.751Z - Hash: 14c0fe313243c76b - Time: 173ms

✔ Compiled successfully.
✔ Browser application bundle generation complete.

Initial Chunk Files | Names   | Raw Size
main.js             | main    | 17.60 kB |
runtime.js          | runtime |  6.52 kB |

3 unchanged chunks

Build at: 2023-03-13T07:19:31.579Z - Hash: 58b99243816d6a6d - Time: 152ms

✔ Compiled successfully.
✔ Browser application bundle generation complete.

Initial Chunk Files | Names   | Raw Size
main.js             | main    | 17.60 kB |
runtime.js          | runtime |  6.52 kB |

3 unchanged chunks

Build at: 2023-03-13T07:19:34.966Z - Hash: 14c0fe313243c76b - Time: 147ms

✔ Compiled successfully.
✔ Browser application bundle generation complete.

Initial Chunk Files | Names   | Raw Size
main.js             | main    | 17.60 kB |
runtime.js          | runtime |  6.52 kB |

3 unchanged chunks

Build at: 2023-03-13T07:19:53.371Z - Hash: a04a0d5a2e583992 - Time: 172ms

✔ Compiled successfully.
✔ Browser application bundle generation complete.

Initial Chunk Files | Names   | Raw Size
main.js             | main    | 17.59 kB |
runtime.js          | runtime |  6.52 kB |

3 unchanged chunks

Build at: 2023-03-13T07:19:57.045Z - Hash: 61e876ec70606bd0 - Time: 175ms

✔ Compiled successfully.
✔ Browser application bundle generation complete.

Initial Chunk Files | Names   | Raw Size
main.js             | main    | 17.60 kB |
runtime.js          | runtime |  6.52 kB |

3 unchanged chunks

Build at: 2023-03-13T07:20:08.196Z - Hash: 003fab2354f3f4cf - Time: 164ms

✔ Compiled successfully.
✔ Browser application bundle generation complete.

Initial Chunk Files | Names   | Raw Size
main.js             | main    | 17.60 kB |
runtime.js          | runtime |  6.52 kB |

3 unchanged chunks

Build at: 2023-03-13T07:20:11.323Z - Hash: 14c0fe313243c76b - Time: 171ms

✔ Compiled successfully.
✔ Browser application bundle generation complete.

Initial Chunk Files | Names   | Raw Size
main.js             | main    | 17.63 kB |
runtime.js          | runtime |  6.52 kB |

3 unchanged chunks

Build at: 2023-03-13T07:20:21.234Z - Hash: 9f2c393398b60db7 - Time: 202ms

✔ Compiled successfully.
✔ Browser application bundle generation complete.

Initial Chunk Files | Names   | Raw Size
main.js             | main    | 17.63 kB |
runtime.js          | runtime |  6.52 kB |

3 unchanged chunks

Build at: 2023-03-13T07:20:28.692Z - Hash: 16666c795cf0492f - Time: 165ms

✔ Compiled successfully.
✔ Browser application bundle generation complete.

Initial Chunk Files | Names   | Raw Size
main.js             | main    | 17.62 kB |
runtime.js          | runtime |  6.52 kB |

3 unchanged chunks

Build at: 2023-03-13T07:20:48.980Z - Hash: bb520a1f63331dff - Time: 193ms

✔ Compiled successfully.
✔ Browser application bundle generation complete.

Initial Chunk Files | Names   | Raw Size
main.js             | main    | 17.63 kB |
runtime.js          | runtime |  6.52 kB |

3 unchanged chunks

Build at: 2023-03-13T07:20:53.994Z - Hash: 36562551b64f7b12 - Time: 166ms

✔ Compiled successfully.
✔ Browser application bundle generation complete.

Initial Chunk Files | Names   | Raw Size
main.js             | main    | 17.64 kB |
runtime.js          | runtime |  6.52 kB |

3 unchanged chunks

Build at: 2023-03-13T07:21:00.351Z - Hash: 2e4550a5f6c63bb8 - Time: 231ms

✔ Compiled successfully.
✔ Browser application bundle generation complete.

Initial Chunk Files | Names   | Raw Size
main.js             | main    | 17.64 kB |
runtime.js          | runtime |  6.52 kB |

3 unchanged chunks

Build at: 2023-03-13T07:21:04.710Z - Hash: a0e09d499d10b968 - Time: 198ms

✔ Compiled successfully.
✔ Browser application bundle generation complete.

Initial Chunk Files | Names   | Raw Size
main.js             | main    | 17.63 kB |
runtime.js          | runtime |  6.52 kB |

3 unchanged chunks

Build at: 2023-03-13T07:21:11.604Z - Hash: 19548fa7d2330050 - Time: 184ms

✔ Compiled successfully.
✔ Browser application bundle generation complete.

Initial Chunk Files | Names   | Raw Size
main.js             | main    | 17.62 kB |
runtime.js          | runtime |  6.52 kB |

3 unchanged chunks

Build at: 2023-03-13T07:21:15.735Z - Hash: e618fe4edb44ec08 - Time: 154ms

✔ Compiled successfully.
✔ Browser application bundle generation complete.

Initial Chunk Files | Names   | Raw Size
main.js             | main    | 17.63 kB |
runtime.js          | runtime |  6.52 kB |

3 unchanged chunks

Build at: 2023-03-13T07:21:22.201Z - Hash: 612cc008b02dbdab - Time: 200ms

✔ Compiled successfully.
✔ Browser application bundle generation complete.

Initial Chunk Files | Names   | Raw Size
main.js             | main    | 17.63 kB |
runtime.js          | runtime |  6.52 kB |

3 unchanged chunks

Build at: 2023-03-13T07:21:31.625Z - Hash: 82887f76c6fcd7ca - Time: 194ms

✔ Compiled successfully.
✔ Browser application bundle generation complete.

Initial Chunk Files | Names   | Raw Size
main.js             | main    | 17.63 kB |
runtime.js          | runtime |  6.52 kB |

3 unchanged chunks

Build at: 2023-03-13T07:21:35.344Z - Hash: 8b589021546f04a2 - Time: 180ms

✔ Compiled successfully.
✔ Browser application bundle generation complete.

Initial Chunk Files | Names   | Raw Size
main.js             | main    | 17.65 kB |
runtime.js          | runtime |  6.52 kB |

3 unchanged chunks

Build at: 2023-03-13T07:23:10.531Z - Hash: 2fd28978b0b43bcb - Time: 195ms

✔ Compiled successfully.
✔ Browser application bundle generation complete.

Initial Chunk Files | Names   | Raw Size
main.js             | main    | 17.67 kB |
runtime.js          | runtime |  6.52 kB |

3 unchanged chunks

Build at: 2023-03-13T07:23:46.434Z - Hash: 2adba91ff428dce0 - Time: 219ms

✔ Compiled successfully.
✔ Browser application bundle generation complete.

Initial Chunk Files | Names   | Raw Size
main.js             | main    | 17.67 kB |
runtime.js          | runtime |  6.52 kB |

3 unchanged chunks

Build at: 2023-03-13T07:23:50.386Z - Hash: ed26d0b6476df18c - Time: 172ms

✔ Compiled successfully.
✔ Browser application bundle generation complete.

Initial Chunk Files | Names   | Raw Size
main.js             | main    | 17.65 kB |
runtime.js          | runtime |  6.52 kB |

3 unchanged chunks

Build at: 2023-03-13T07:24:42.406Z - Hash: ade456a174f18862 - Time: 199ms

✔ Compiled successfully.
✔ Browser application bundle generation complete.

Initial Chunk Files | Names   | Raw Size
main.js             | main    | 17.66 kB |
runtime.js          | runtime |  6.52 kB |

3 unchanged chunks

Build at: 2023-03-13T07:24:52.923Z - Hash: a8bf081355775340 - Time: 158ms

✔ Compiled successfully.
✔ Browser application bundle generation complete.

Initial Chunk Files | Names   | Raw Size
main.js             | main    | 17.66 kB |
runtime.js          | runtime |  6.52 kB |

3 unchanged chunks

Build at: 2023-03-13T07:25:22.442Z - Hash: edca826ffd03efcf - Time: 205ms

✔ Compiled successfully.
✔ Browser application bundle generation complete.

Initial Chunk Files | Names   | Raw Size
main.js             | main    | 17.66 kB |
runtime.js          | runtime |  6.52 kB |

3 unchanged chunks

Build at: 2023-03-13T07:25:36.854Z - Hash: dbcee065652db24f - Time: 162ms

✔ Compiled successfully.
✔ Browser application bundle generation complete.

Initial Chunk Files | Names   | Raw Size
main.js             | main    | 17.66 kB |
runtime.js          | runtime |  6.52 kB |

3 unchanged chunks

Build at: 2023-03-13T07:25:40.179Z - Hash: ca9b92ddda7dc5a0 - Time: 181ms

✔ Compiled successfully.
✔ Browser application bundle generation complete.

Initial Chunk Files | Names   | Raw Size
main.js             | main    | 17.66 kB |
runtime.js          | runtime |  6.52 kB |

3 unchanged chunks

Build at: 2023-03-13T07:25:42.190Z - Hash: 74d31b848d824db2 - Time: 184ms

✔ Compiled successfully.
✔ Browser application bundle generation complete.

Initial Chunk Files | Names   | Raw Size
main.js             | main    | 17.66 kB |
runtime.js          | runtime |  6.52 kB |

3 unchanged chunks

Build at: 2023-03-13T07:25:44.612Z - Hash: 8c350a21ecdb7703 - Time: 213ms

✔ Compiled successfully.
✔ Browser application bundle generation complete.

Initial Chunk Files | Names   | Raw Size
main.js             | main    | 17.66 kB |
runtime.js          | runtime |  6.52 kB |

3 unchanged chunks

Build at: 2023-03-13T07:25:45.926Z - Hash: ce956ae129ed0079 - Time: 163ms

✔ Compiled successfully.
✔ Browser application bundle generation complete.

Initial Chunk Files | Names   | Raw Size
main.js             | main    | 17.66 kB |
runtime.js          | runtime |  6.52 kB |

3 unchanged chunks

Build at: 2023-03-13T07:25:47.648Z - Hash: 2485476a73762102 - Time: 161ms

✔ Compiled successfully.
✔ Browser application bundle generation complete.

Initial Chunk Files | Names   | Raw Size
main.js             | main    | 17.65 kB |
runtime.js          | runtime |  6.52 kB |

3 unchanged chunks

Build at: 2023-03-13T07:25:56.623Z - Hash: efca1176dd2c26bd - Time: 159ms

✔ Compiled successfully.
✔ Browser application bundle generation complete.

Initial Chunk Files | Names   | Raw Size
main.js             | main    | 17.65 kB |
runtime.js          | runtime |  6.52 kB |

3 unchanged chunks

Build at: 2023-03-13T07:26:05.327Z - Hash: e4f652ccfb44277f - Time: 166ms

✔ Compiled successfully.
✔ Browser application bundle generation complete.

Initial Chunk Files | Names   | Raw Size
main.js             | main    | 17.63 kB |
runtime.js          | runtime |  6.52 kB |

3 unchanged chunks

Build at: 2023-03-13T07:26:08.923Z - Hash: 10b8d513d711ddb4 - Time: 165ms

✔ Compiled successfully.
✔ Browser application bundle generation complete.

Initial Chunk Files | Names   | Raw Size
main.js             | main    | 17.63 kB |
runtime.js          | runtime |  6.52 kB |

3 unchanged chunks

Build at: 2023-03-13T07:26:15.543Z - Hash: ba98dee1ee591537 - Time: 156ms

✔ Compiled successfully.
✔ Browser application bundle generation complete.

Initial Chunk Files | Names   | Raw Size
main.js             | main    | 21.93 kB |
runtime.js          | runtime |  6.52 kB |

3 unchanged chunks

Build at: 2023-03-13T07:31:15.046Z - Hash: 87a97f6b59fcd499 - Time: 692ms

✔ Compiled successfully.
✔ Browser application bundle generation complete.

Initial Chunk Files | Names   | Raw Size
main.js             | main    | 21.93 kB |
runtime.js          | runtime |  6.52 kB |

3 unchanged chunks

Build at: 2023-03-13T07:31:46.746Z - Hash: 7ae5e06e5411f379 - Time: 266ms

✔ Compiled successfully.
✔ Browser application bundle generation complete.

Initial Chunk Files | Names   | Raw Size
main.js             | main    | 25.75 kB |
runtime.js          | runtime |  6.52 kB |

3 unchanged chunks

Build at: 2023-03-13T07:31:49.422Z - Hash: c79bf0d31c7cb790 - Time: 316ms

✔ Compiled successfully.
✔ Browser application bundle generation complete.

Initial Chunk Files | Names   | Raw Size
main.js             | main    | 26.60 kB |
runtime.js          | runtime |  6.52 kB |

3 unchanged chunks

Build at: 2023-03-13T07:32:06.028Z - Hash: 4238b0e3fbb5145a - Time: 294ms

✔ Compiled successfully.
✔ Browser application bundle generation complete.

Initial Chunk Files | Names   | Raw Size
main.js             | main    | 26.61 kB |
runtime.js          | runtime |  6.52 kB |

3 unchanged chunks

Build at: 2023-03-13T07:32:32.966Z - Hash: cc0d448bb238fe60 - Time: 266ms

✔ Compiled successfully.
✔ Browser application bundle generation complete.

Initial Chunk Files | Names   | Raw Size
main.js             | main    | 26.61 kB |
runtime.js          | runtime |  6.52 kB |

3 unchanged chunks

Build at: 2023-03-13T07:32:49.027Z - Hash: 408dc538ebba8f5c - Time: 293ms

✔ Compiled successfully.
✔ Browser application bundle generation complete.

Initial Chunk Files | Names   | Raw Size
main.js             | main    | 26.61 kB |
runtime.js          | runtime |  6.52 kB |

3 unchanged chunks

Build at: 2023-03-13T07:32:57.815Z - Hash: a6a4b2dd597d1059 - Time: 263ms

✔ Compiled successfully.
✔ Browser application bundle generation complete.

Initial Chunk Files | Names   | Raw Size
main.js             | main    | 26.62 kB |
runtime.js          | runtime |  6.52 kB |

3 unchanged chunks

Build at: 2023-03-13T07:33:11.996Z - Hash: 654d0a562379b3db - Time: 275ms

✔ Compiled successfully.
✔ Browser application bundle generation complete.

Initial Chunk Files | Names   | Raw Size
main.js             | main    | 26.64 kB |
runtime.js          | runtime |  6.52 kB |

3 unchanged chunks

Build at: 2023-03-13T07:33:22.275Z - Hash: ce2a16452219e0d7 - Time: 272ms

✔ Compiled successfully.
✔ Browser application bundle generation complete.

Initial Chunk Files | Names   | Raw Size
main.js             | main    | 26.64 kB |
runtime.js          | runtime |  6.52 kB |

3 unchanged chunks

Build at: 2023-03-13T07:34:09.490Z - Hash: c83096c1df6a8a4a - Time: 312ms

✔ Compiled successfully.
✔ Browser application bundle generation complete.

Initial Chunk Files | Names   | Raw Size
main.js             | main    | 26.62 kB |
runtime.js          | runtime |  6.52 kB |

3 unchanged chunks

Build at: 2023-03-13T07:34:28.562Z - Hash: 5f6ce3a1225e2d43 - Time: 401ms

✔ Compiled successfully.
✔ Browser application bundle generation complete.

Initial Chunk Files | Names   | Raw Size
main.js             | main    | 26.70 kB |
runtime.js          | runtime |  6.52 kB |

3 unchanged chunks

Build at: 2023-03-13T07:34:52.464Z - Hash: f8d2843a4b18d3e2 - Time: 315ms

✔ Compiled successfully.
✔ Browser application bundle generation complete.

Initial Chunk Files | Names   | Raw Size
main.js             | main    | 26.70 kB |
runtime.js          | runtime |  6.52 kB |

3 unchanged chunks

Build at: 2023-03-13T07:36:03.660Z - Hash: 5f5edc7df114f6eb - Time: 333ms

✔ Compiled successfully.
✔ Browser application bundle generation complete.

Initial Chunk Files | Names   | Raw Size
main.js             | main    | 26.70 kB |
runtime.js          | runtime |  6.52 kB |

3 unchanged chunks

Build at: 2023-03-13T07:36:24.299Z - Hash: d79ca46575a61c3b - Time: 326ms

✔ Compiled successfully.
✔ Browser application bundle generation complete.

Initial Chunk Files | Names   | Raw Size
main.js             | main    | 26.70 kB |
runtime.js          | runtime |  6.52 kB |

3 unchanged chunks

Build at: 2023-03-13T07:36:46.167Z - Hash: ccb7327c8720fa91 - Time: 263ms

✔ Compiled successfully.
✔ Browser application bundle generation complete.

Initial Chunk Files | Names   | Raw Size
main.js             | main    | 26.72 kB |
runtime.js          | runtime |  6.52 kB |

3 unchanged chunks

Build at: 2023-03-13T07:38:14.064Z - Hash: 069f42ea0fca40e5 - Time: 344ms

✔ Compiled successfully.
✔ Browser application bundle generation complete.

Initial Chunk Files | Names   | Raw Size
main.js             | main    | 26.77 kB |
runtime.js          | runtime |  6.52 kB |

3 unchanged chunks

Build at: 2023-03-13T07:39:12.568Z - Hash: 9c705e4a0dcab75b - Time: 296ms

✔ Compiled successfully.
✔ Browser application bundle generation complete.

Initial Chunk Files | Names   | Raw Size
main.js             | main    | 26.85 kB |
runtime.js          | runtime |  6.52 kB |

3 unchanged chunks

Build at: 2023-03-13T07:40:07.065Z - Hash: 1ed1fc6fe2e7b04d - Time: 357ms

✔ Compiled successfully.
✔ Browser application bundle generation complete.

Initial Chunk Files | Names   | Raw Size
main.js             | main    | 26.83 kB |
runtime.js          | runtime |  6.52 kB |

3 unchanged chunks

Build at: 2023-03-13T07:40:21.411Z - Hash: edd4af9c9a640e24 - Time: 289ms

✔ Compiled successfully.
✔ Browser application bundle generation complete.

Initial Chunk Files | Names   | Raw Size
main.js             | main    | 26.82 kB |
runtime.js          | runtime |  6.52 kB |

3 unchanged chunks

Build at: 2023-03-13T07:41:21.264Z - Hash: 5db27791c317ad23 - Time: 310ms

✔ Compiled successfully.
✔ Browser application bundle generation complete.

Initial Chunk Files | Names   | Raw Size
main.js             | main    | 26.82 kB |
runtime.js          | runtime |  6.52 kB |

3 unchanged chunks

Build at: 2023-03-13T07:43:37.090Z - Hash: b75ad3baa5cdfc50 - Time: 355ms

✔ Compiled successfully.
✔ Browser application bundle generation complete.

Initial Chunk Files | Names   | Raw Size
main.js             | main    | 26.82 kB |
runtime.js          | runtime |  6.52 kB |

3 unchanged chunks

Build at: 2023-03-13T07:44:17.779Z - Hash: a938352194d447bd - Time: 341ms

✔ Compiled successfully.
✔ Browser application bundle generation complete.

Initial Chunk Files | Names   | Raw Size
main.js             | main    | 26.82 kB |
runtime.js          | runtime |  6.52 kB |

3 unchanged chunks

Build at: 2023-03-13T07:44:25.505Z - Hash: f7611ad842e6714c - Time: 225ms

✔ Compiled successfully.
✔ Browser application bundle generation complete.

Initial Chunk Files | Names   | Raw Size
main.js             | main    | 27.45 kB |
runtime.js          | runtime |  6.52 kB |

3 unchanged chunks

Build at: 2023-03-13T07:48:09.490Z - Hash: deb662221d3d0193 - Time: 432ms

✔ Compiled successfully.
✔ Browser application bundle generation complete.

Initial Chunk Files | Names   | Raw Size
main.js             | main    | 36.06 kB |
runtime.js          | runtime |  6.52 kB |

3 unchanged chunks

Build at: 2023-03-13T07:48:26.207Z - Hash: 6a5ffb95fc054c55 - Time: 318ms

✔ Compiled successfully.
✔ Browser application bundle generation complete.

Initial Chunk Files | Names   | Raw Size
main.js             | main    | 36.54 kB |
runtime.js          | runtime |  6.52 kB |

3 unchanged chunks

Build at: 2023-03-13T07:50:25.966Z - Hash: 2d3275540fdacb7a - Time: 474ms

✔ Compiled successfully.
✔ Browser application bundle generation complete.

Initial Chunk Files | Names   | Raw Size
main.js             | main    | 36.56 kB |
runtime.js          | runtime |  6.52 kB |

3 unchanged chunks

Build at: 2023-03-13T07:50:38.909Z - Hash: 314e39854cbd3a62 - Time: 193ms

✔ Compiled successfully.
✔ Browser application bundle generation complete.

Initial Chunk Files | Names   | Raw Size
main.js             | main    | 38.29 kB |
runtime.js          | runtime |  6.52 kB |

3 unchanged chunks

Build at: 2023-03-13T07:51:12.052Z - Hash: 486a183810a87ee1 - Time: 301ms

✔ Compiled successfully.
✔ Browser application bundle generation complete.

Initial Chunk Files | Names   | Raw Size
main.js             | main    | 41.07 kB |
runtime.js          | runtime |  6.52 kB |

3 unchanged chunks

Build at: 2023-03-13T07:51:29.740Z - Hash: 7d55518e9fb6da90 - Time: 418ms

✔ Compiled successfully.
✔ Browser application bundle generation complete.

Initial Chunk Files | Names   | Raw Size
main.js             | main    | 41.06 kB |
runtime.js          | runtime |  6.52 kB |

3 unchanged chunks

Build at: 2023-03-13T07:53:00.598Z - Hash: a33a9b38ec8935c2 - Time: 365ms

✔ Compiled successfully.
✔ Browser application bundle generation complete.

Initial Chunk Files | Names   | Raw Size
main.js             | main    | 41.93 kB |
runtime.js          | runtime |  6.52 kB |

3 unchanged chunks

Build at: 2023-03-13T07:54:09.582Z - Hash: b6e21a730585b8aa - Time: 359ms

✔ Compiled successfully.
✔ Browser application bundle generation complete.

Initial Chunk Files | Names   | Raw Size
main.js             | main    | 41.90 kB |
runtime.js          | runtime |  6.52 kB |

3 unchanged chunks

Build at: 2023-03-13T07:54:48.963Z - Hash: 583466592ab80133 - Time: 321ms

✔ Compiled successfully.
✔ Browser application bundle generation complete.

Initial Chunk Files | Names   | Raw Size
main.js             | main    | 41.67 kB |
runtime.js          | runtime |  6.52 kB |

3 unchanged chunks

Build at: 2023-03-13T07:55:26.829Z - Hash: 10dac0c3c4403975 - Time: 328ms

✔ Compiled successfully.
✔ Browser application bundle generation complete.

Initial Chunk Files | Names   | Raw Size
main.js             | main    | 41.67 kB |
runtime.js          | runtime |  6.52 kB |

3 unchanged chunks

Build at: 2023-03-13T07:55:34.638Z - Hash: 749317ad801d7fed - Time: 308ms

✔ Compiled successfully.
✔ Browser application bundle generation complete.

Initial Chunk Files | Names   | Raw Size
main.js             | main    | 41.67 kB |
runtime.js          | runtime |  6.52 kB |

3 unchanged chunks

Build at: 2023-03-13T07:55:37.348Z - Hash: bab7ef1f045ab541 - Time: 288ms

✔ Compiled successfully.
✔ Browser application bundle generation complete.

Initial Chunk Files | Names   | Raw Size
main.js             | main    | 41.67 kB |
runtime.js          | runtime |  6.52 kB |

3 unchanged chunks

Build at: 2023-03-13T07:55:44.558Z - Hash: 63f764d595a45461 - Time: 269ms

✔ Compiled successfully.
✔ Browser application bundle generation complete.

Initial Chunk Files | Names   | Raw Size
main.js             | main    | 41.40 kB |
runtime.js          | runtime |  6.52 kB |

3 unchanged chunks

Build at: 2023-03-13T07:55:54.145Z - Hash: c9a46e5de952c804 - Time: 276ms

✔ Compiled successfully.
✔ Browser application bundle generation complete.

Initial Chunk Files | Names   | Raw Size
main.js             | main    | 41.56 kB |
runtime.js          | runtime |  6.52 kB |

3 unchanged chunks

Build at: 2023-03-13T07:56:02.436Z - Hash: 226d7d49f41b4c3e - Time: 289ms

✔ Compiled successfully.
✔ Browser application bundle generation complete.

Initial Chunk Files | Names   | Raw Size
main.js             | main    | 41.67 kB |
runtime.js          | runtime |  6.52 kB |

3 unchanged chunks

Build at: 2023-03-13T07:56:10.448Z - Hash: c93f022e7ef40d6a - Time: 244ms

✔ Compiled successfully.
✔ Browser application bundle generation complete.

5 unchanged chunks

Build at: 2023-03-13T07:56:18.925Z - Hash: c93f022e7ef40d6a - Time: 278ms

✔ Compiled successfully.
✔ Browser application bundle generation complete.

Initial Chunk Files | Names   | Raw Size
main.js             | main    | 41.67 kB |
runtime.js          | runtime |  6.52 kB |

3 unchanged chunks

Build at: 2023-03-13T07:56:47.796Z - Hash: b522b836a582235f - Time: 331ms

Error: src/app/component/cart/cart.component.html:51:13 - error NG8001: 'h7' is not a known element:
1. If 'h7' is an Angular component, then verify that it is part of this module.
2. To allow any element add 'NO_ERRORS_SCHEMA' to the '@NgModule.schemas' of this component.

51             <h7 class="card-title">My Cart</h7>
               ~~~~~~~~~~~~~~~~~~~~~~~

  src/app/component/cart/cart.component.ts:6:16
    6   templateUrl: './cart.component.html',
                     ~~~~~~~~~~~~~~~~~~~~~~~
    Error occurs in the template of component CartComponent.




✖ Failed to compile.
✔ Browser application bundle generation complete.

Initial Chunk Files | Names   | Raw Size
main.js             | main    | 41.67 kB |
runtime.js          | runtime |  6.52 kB |

3 unchanged chunks

Build at: 2023-03-13T07:56:59.052Z - Hash: bab7ef1f045ab541 - Time: 239ms

✔ Compiled successfully.
✔ Browser application bundle generation complete.

Initial Chunk Files | Names   | Raw Size
main.js             | main    | 41.79 kB |
runtime.js          | runtime |  6.52 kB |

3 unchanged chunks

Build at: 2023-03-13T07:57:15.345Z - Hash: c437d591350a1a4d - Time: 410ms

✔ Compiled successfully.
✔ Browser application bundle generation complete.

Initial Chunk Files | Names   | Raw Size
main.js             | main    | 41.80 kB |
runtime.js          | runtime |  6.52 kB |

3 unchanged chunks

Build at: 2023-03-13T07:57:18.096Z - Hash: 103f97a75ea03125 - Time: 317ms

✔ Compiled successfully.
✔ Browser application bundle generation complete.

Initial Chunk Files | Names   | Raw Size
main.js             | main    | 41.79 kB |
runtime.js          | runtime |  6.52 kB |

3 unchanged chunks

Build at: 2023-03-13T07:57:21.393Z - Hash: 6b7c326329de6e68 - Time: 267ms

✔ Compiled successfully.
✔ Browser application bundle generation complete.

Initial Chunk Files | Names   | Raw Size
main.js             | main    | 41.79 kB |
runtime.js          | runtime |  6.52 kB |

3 unchanged chunks

Build at: 2023-03-13T07:57:23.674Z - Hash: e065272f5125d6a5 - Time: 262ms

✔ Compiled successfully.
✔ Browser application bundle generation complete.

Initial Chunk Files | Names   | Raw Size
main.js             | main    | 41.79 kB |
runtime.js          | runtime |  6.52 kB |

3 unchanged chunks

Build at: 2023-03-13T07:57:26.232Z - Hash: 308ec094bfecbef5 - Time: 256ms

✔ Compiled successfully.
✔ Browser application bundle generation complete.

Initial Chunk Files | Names   | Raw Size
main.js             | main    | 41.68 kB |
runtime.js          | runtime |  6.52 kB |

3 unchanged chunks

Build at: 2023-03-13T07:57:46.270Z - Hash: ca3a253c91bca8e0 - Time: 327ms

✔ Compiled successfully.
✔ Browser application bundle generation complete.

Initial Chunk Files | Names   | Raw Size
main.js             | main    | 41.69 kB |
runtime.js          | runtime |  6.52 kB |

3 unchanged chunks

Build at: 2023-03-13T07:58:33.987Z - Hash: ef00ac65442c9bf6 - Time: 376ms

✔ Compiled successfully.
✔ Browser application bundle generation complete.

Initial Chunk Files | Names   | Raw Size
main.js             | main    | 41.98 kB |
runtime.js          | runtime |  6.52 kB |

3 unchanged chunks

Build at: 2023-03-13T07:59:23.692Z - Hash: 265d4257028fa899 - Time: 339ms

✔ Compiled successfully.
✔ Browser application bundle generation complete.

Initial Chunk Files | Names   | Raw Size
main.js             | main    | 41.98 kB |
runtime.js          | runtime |  6.52 kB |

3 unchanged chunks

Build at: 2023-03-13T07:59:52.948Z - Hash: 179696c71a2df99e - Time: 285ms

✔ Compiled successfully.
✔ Browser application bundle generation complete.

5 unchanged chunks

Build at: 2023-03-13T08:02:50.605Z - Hash: 179696c71a2df99e - Time: 318ms

✔ Compiled successfully.
slurmstepd-plasma-1: error: *** JOB 1730 ON plasma-1 CANCELLED AT 2023-03-13T15:44:15 ***
